# JRE version: Java(TM) SE Runtime Environment (11.0.1+13) (build 11.0.1+13-LTS)
# Java VM: Java HotSpot(TM) 64-Bit Server VM (11.0.1+13-LTS, mixed mode, tiered, compressed oops, g1 gc, windows-amd64)
Heap:
 garbage-first heap   total 201728K, used 80922K [0x0000000081e00000, 0x0000000100000000)
  region size 1024K, 48 young (49152K), 12 survivors (12288K)
 Metaspace       used 50843K, capacity 52151K, committed 52432K, reserved 1095680K
  class space    used 5966K, capacity 6478K, committed 6528K, reserved 1048576K
GC Heap History (10 events):
Event: 7.181 GC heap before
{Heap before GC invocations=10 (full 0):
 garbage-first heap   total 157696K, used 103163K [0x0000000081e00000, 0x0000000100000000)
  region size 1024K, 87 young (89088K), 9 survivors (9216K)
 Metaspace       used 34191K, capacity 35200K, committed 35376K, reserved 1081344K
  class space    used 4072K, capacity 4474K, committed 4480K, reserved 1048576K
}
Event: 7.204 GC heap after
{Heap after GC invocations=11 (full 0):
 garbage-first heap   total 157696K, used 27853K [0x0000000081e00000, 0x0000000100000000)
  region size 1024K, 9 young (9216K), 9 survivors (9216K)
 Metaspace       used 34191K, capacity 35200K, committed 35376K, reserved 1081344K
  class space    used 4072K, capacity 4474K, committed 4480K, reserved 1048576K
}
Event: 7.317 GC heap before
{Heap before GC invocations=11 (full 0):
 garbage-first heap   total 157696K, used 39117K [0x0000000081e00000, 0x0000000100000000)
  region size 1024K, 21 young (21504K), 9 survivors (9216K)
 Metaspace       used 34757K, capacity 35779K, committed 35920K, reserved 1081344K
  class space    used 4117K, capacity 4539K, committed 4608K, reserved 1048576K
}
Event: 7.333 GC heap after
{Heap after GC invocations=12 (full 0):
 garbage-first heap   total 157696K, used 29143K [0x0000000081e00000, 0x0000000100000000)
  region size 1024K, 6 young (6144K), 6 survivors (6144K)
 Metaspace       used 34757K, capacity 35779K, committed 35920K, reserved 1081344K
  class space    used 4117K, capacity 4539K, committed 4608K, reserved 1048576K
}
Event: 8.283 GC heap before
{Heap before GC invocations=13 (full 0):
 garbage-first heap   total 157696K, used 96727K [0x0000000081e00000, 0x0000000100000000)
  region size 1024K, 72 young (73728K), 6 survivors (6144K)
 Metaspace       used 37673K, capacity 38731K, committed 38864K, reserved 1083392K
  class space    used 4442K, capacity 4877K, committed 4992K, reserved 1048576K
}
Event: 8.303 GC heap after
{Heap after GC invocations=14 (full 0):
 garbage-first heap   total 157696K, used 33351K [0x0000000081e00000, 0x0000000100000000)
  region size 1024K, 6 young (6144K), 6 survivors (6144K)
 Metaspace       used 37673K, capacity 38731K, committed 38864K, reserved 1083392K
  class space    used 4442K, capacity 4877K, committed 4992K, reserved 1048576K
}
Event: 17.760 GC heap before
{Heap before GC invocations=14 (full 0):
 garbage-first heap   total 157696K, used 102983K [0x0000000081e00000, 0x0000000100000000)
  region size 1024K, 74 young (75776K), 6 survivors (6144K)
 Metaspace       used 40319K, capacity 41563K, committed 41808K, reserved 1085440K
  class space    used 4780K, capacity 5258K, committed 5376K, reserved 1048576K
}
Event: 17.777 GC heap after
{Heap after GC invocations=15 (full 0):
 garbage-first heap   total 201728K, used 36911K [0x0000000081e00000, 0x0000000100000000)
  region size 1024K, 8 young (8192K), 8 survivors (8192K)
 Metaspace       used 40319K, capacity 41563K, committed 41808K, reserved 1085440K
  class space    used 4780K, capacity 5258K, committed 5376K, reserved 1048576K
}
Event: 57.624 GC heap before
{Heap before GC invocations=15 (full 0):
 garbage-first heap   total 201728K, used 129071K [0x0000000081e00000, 0x0000000100000000)
  region size 1024K, 99 young (101376K), 8 survivors (8192K)
 Metaspace       used 45038K, capacity 46240K, committed 46416K, reserved 1089536K
  class space    used 5300K, capacity 5771K, committed 5888K, reserved 1048576K
}
Event: 57.692 GC heap after
{Heap after GC invocations=16 (full 0):
 garbage-first heap   total 201728K, used 45082K [0x0000000081e00000, 0x0000000100000000)
  region size 1024K, 12 young (12288K), 12 survivors (12288K)
 Metaspace       used 45038K, capacity 46240K, committed 46416K, reserved 1089536K
  class space    used 5300K, capacity 5771K, committed 5888K, reserved 1048576K
}

